2025-08-15 09:39:26,537-DEBUG-root-28116::logging_config::logger|188:: Log file created: 'Log\AGLMSCGPE09EKBH\TIR__20250815093926529.log'
2025-08-15 09:39:26,537-INFO-root-28116::base::Start|1175:: TIR Version: 1.20.30
2025-08-15 09:39:26,537-INFO-root-28116::base::Start|1176:: Starting the browser
2025-08-15 09:39:35,378-WARNING-root-28116::webapp_internal::log_error|8172:: Warning log_error Wasn't possible execute Start() method: Message: Reached error page: about:neterror?e=connectionFailure&u=https%3A//lineagroprodutos143570.protheus.cloudtotvs.com.br%3A2203/webapp&c=UTF-8&d=O%20Firefox%20n%C3%A3o%20conseguiu%20estabelecer%20uma%20conex%C3%A3o%20com%20o%20servidor%20lineagroprodutos143570.protheus.cloudtotvs.com.br%3A2203.

2025-08-15 09:39:35,378-DEBUG-root-28116::webapp_internal::log_error|8175:: ***System Info*** in log_error():
2025-08-15 09:39:35,378-DEBUG-root-28116::psutil_info::system_info|5:: CPU USAGE: 63.5%
2025-08-15 09:39:35,378-DEBUG-root-28116::psutil_info::system_info|6:: MEMORY USAGE: 89.2%
2025-08-15 09:39:35,378-DEBUG-root-28116::psutil_info::system_info|7:: MEMORY AVAILABLE: 10.75%
2025-08-15 09:39:35,431-DEBUG-root-28116::log::take_screenshot_log|498:: take_screenshot_log in:2025-08-15 09:39:35.431937

2025-08-15 09:39:35,485-DEBUG-root-28116::log::take_screenshot_log|513:: Screenshot file created successfully: Log\AGLMSCGPE09EKBH\BrunoAriasRocha_20250815093935431_None_error.png
2025-08-15 09:39:26,537-DEBUG-root-28116::logging_config::logger|188:: Log file created: 'Log\AGLMSCGPE09EKBH\TIR__20250815093926529.log'
2025-08-15 09:39:26,537-INFO-root-28116::base::Start|1175:: TIR Version: 1.20.30
2025-08-15 09:39:26,537-INFO-root-28116::base::Start|1176:: Starting the browser
2025-08-15 09:39:35,378-WARNING-root-28116::webapp_internal::log_error|8172:: Warning log_error Wasn't possible execute Start() method: Message: Reached error page: about:neterror?e=connectionFailure&u=https%3A//lineagroprodutos143570.protheus.cloudtotvs.com.br%3A2203/webapp&c=UTF-8&d=O%20Firefox%20n%C3%A3o%20conseguiu%20estabelecer%20uma%20conex%C3%A3o%20com%20o%20servidor%20lineagroprodutos143570.protheus.cloudtotvs.com.br%3A2203.

2025-08-15 09:39:35,378-DEBUG-root-28116::webapp_internal::log_error|8175:: ***System Info*** in log_error():
2025-08-15 09:39:35,378-DEBUG-root-28116::psutil_info::system_info|5:: CPU USAGE: 63.5%
2025-08-15 09:39:35,378-DEBUG-root-28116::psutil_info::system_info|6:: MEMORY USAGE: 89.2%
2025-08-15 09:39:35,378-DEBUG-root-28116::psutil_info::system_info|7:: MEMORY AVAILABLE: 10.75%
2025-08-15 09:39:35,431-DEBUG-root-28116::log::take_screenshot_log|498:: take_screenshot_log in:2025-08-15 09:39:35.431937

2025-08-15 09:39:35,485-DEBUG-root-28116::log::take_screenshot_log|513:: Screenshot file created successfully: Log\AGLMSCGPE09EKBH\BrunoAriasRocha_20250815093935431_None_error.png
