2025-08-21 10:28:13,937-DEBUG-root-17184::logging_config::logger|188:: Log file created: 'Log\AGLMSCGPE09EKBH\TIR__20250821102813930.log'
2025-08-21 10:28:13,937-INFO-root-17184::base::Start|1175:: TIR Version: 1.20.30
2025-08-21 10:28:13,937-INFO-root-17184::base::Start|1176:: Starting the browser
2025-08-21 10:28:25,507-INFO-root-17184::base::get_url|1274:: Page is ready!
2025-08-21 10:28:25,510-INFO-root-17184::base::Start|1242:: Browser maximized to 1936x1048
2025-08-21 10:28:25,511-INFO-root-17184::base::Start|1244:: Screen size is different from default used in headless mode
2025-08-21 10:28:25,543-INFO-root-17184::webapp_internal::Setup|240:: ***System Info*** in Setup():
2025-08-21 10:28:25,544-DEBUG-root-17184::psutil_info::system_info|5:: CPU USAGE: 51.8%
2025-08-21 10:28:25,545-DEBUG-root-17184::psutil_info::system_info|6:: MEMORY USAGE: 87.2%
2025-08-21 10:28:25,545-DEBUG-root-17184::psutil_info::system_info|7:: MEMORY AVAILABLE: 12.82%
2025-08-21 10:28:25,555-INFO-root-17184::base::webapp_shadowroot|1374:: Webapp: 10.1.2-RC12
2025-08-21 10:28:25,556-INFO-root-17184::webapp_internal::filling_initial_program|437:: Filling Initial Program: "SIGACOM"
2025-08-21 10:28:25,556-DEBUG-root-17184::webapp_internal::wait_element|7652:: Waiting for element
2025-08-21 10:28:25,594-DEBUG-root-17184::webapp_internal::wait_element|7682:: Element found! Waiting for element to be displayed.
2025-08-21 10:28:25,824-DEBUG-root-17184::base::click|189:: Click Type: ClickType.JS
2025-08-21 10:28:25,835-DEBUG-root-17184::webapp_internal::try_send_keys|8005:: Trying to send keys to element using technique 0
2025-08-21 10:28:26,257-DEBUG-root-17184::webapp_internal::get_web_value|3193:: Current value: SIGACOM
2025-08-21 10:28:26,258-INFO-root-17184::webapp_internal::filling_server_environment|451:: Filling Server Environment: "CG7XJ1_HMG"
2025-08-21 10:28:26,258-DEBUG-root-17184::webapp_internal::wait_element|7652:: Waiting for element
2025-08-21 10:28:26,323-DEBUG-root-17184::webapp_internal::wait_element|7682:: Element found! Waiting for element to be displayed.
2025-08-21 10:28:26,548-DEBUG-root-17184::base::click|189:: Click Type: ClickType.JS
2025-08-21 10:28:26,555-DEBUG-root-17184::webapp_internal::try_send_keys|8005:: Trying to send keys to element using technique 0
2025-08-21 10:28:26,906-DEBUG-root-17184::webapp_internal::get_web_value|3193:: Current value: CG7XJ1_HMG
2025-08-21 10:28:26,939-DEBUG-root-17184::base::click|189:: Click Type: ClickType.JS
2025-08-21 10:28:26,957-DEBUG-root-17184::webapp_internal::user_screen|507:: Filling user screen
2025-08-21 10:28:38,831-DEBUG-root-17184::webapp_internal::wait_element_timeout|7755:: Element found! Waiting for element to be displayed.
2025-08-21 10:28:38,918-DEBUG-root-17184::base::scroll_to_element|750:: ********Warining scroll_to_element exception: Message: TypeError: can't access property "scrollIntoView", arguments[0] is null
*********
2025-08-21 10:28:39,260-INFO-root-17184::webapp_internal::user_screen|549:: Filling User
2025-08-21 10:28:39,296-DEBUG-root-17184::base::double_click|256:: Click Type: ClickType.SELENIUM
2025-08-21 10:28:39,530-DEBUG-root-17184::webapp_internal::get_web_value|3193:: Current value: BRUNO.ROCHA
2025-08-21 10:28:39,604-INFO-root-17184::webapp_internal::user_screen|609:: Filling Password
2025-08-21 10:28:39,640-DEBUG-root-17184::base::click|189:: Click Type: ClickType.JS
2025-08-21 10:28:39,736-DEBUG-root-17184::webapp_internal::get_web_value|3193:: Current value: 123
2025-08-21 10:28:39,737-DEBUG-root-17184::webapp_internal::wait_blocker|2399:: Waiting blocker to continue...
2025-08-21 10:28:39,789-DEBUG-root-17184::webapp_internal::wait_blocker|2424:: Blocker status: None
2025-08-21 10:28:39,910-DEBUG-root-17184::webapp_internal::wait_blocker|2399:: Waiting blocker to continue...
2025-08-21 10:28:39,961-DEBUG-root-17184::webapp_internal::wait_blocker|2424:: Blocker status: None
2025-08-21 10:28:39,962-DEBUG-root-17184::webapp_internal::send_action|10482:: Trying to send action
2025-08-21 10:28:39,975-DEBUG-root-17184::base::click|189:: Click Type: ClickType.JS
2025-08-21 10:28:41,072-DEBUG-root-17184::webapp_internal::send_action|10523:: send_action method result = True
2025-08-21 10:28:41,075-DEBUG-root-17184::webapp_internal::send_action|10524:: send_action selenium status: False
2025-08-21 10:28:47,501-DEBUG-root-17184::base::scroll_to_element|750:: ********Warining scroll_to_element exception: Message: TypeError: can't access property "scrollIntoView", arguments[0] is null
*********
2025-08-21 10:28:47,599-INFO-root-17184::webapp_internal::filling_date|867:: Filling Date: "21/08/2025"
2025-08-21 10:28:47,599-DEBUG-root-17184::webapp_internal::wait_blocker|2399:: Waiting blocker to continue...
2025-08-21 10:28:47,701-DEBUG-root-17184::webapp_internal::wait_blocker|2424:: Blocker status: None
2025-08-21 10:28:47,705-DEBUG-root-17184::base::click|189:: Click Type: ClickType.JS
2025-08-21 10:28:47,765-DEBUG-root-17184::webapp_internal::try_send_keys|8005:: Trying to send keys to element using technique 1
2025-08-21 10:28:47,867-DEBUG-root-17184::webapp_internal::get_web_value|3193:: Current value: 21/08/2025
2025-08-21 10:28:49,131-INFO-root-17184::webapp_internal::filling_group|920:: Filling Group: "01"
2025-08-21 10:28:49,131-DEBUG-root-17184::webapp_internal::wait_blocker|2399:: Waiting blocker to continue...
2025-08-21 10:28:49,274-DEBUG-root-17184::webapp_internal::wait_blocker|2424:: Blocker status: None
2025-08-21 10:28:49,281-DEBUG-root-17184::base::click|189:: Click Type: ClickType.JS
2025-08-21 10:28:49,457-DEBUG-root-17184::webapp_internal::get_web_value|3193:: Current value: 01
2025-08-21 10:28:50,614-INFO-root-17184::webapp_internal::filling_branch|1011:: Filling Branch: "01011001"
2025-08-21 10:28:50,615-DEBUG-root-17184::webapp_internal::wait_blocker|2399:: Waiting blocker to continue...
2025-08-21 10:28:50,719-DEBUG-root-17184::webapp_internal::wait_blocker|2424:: Blocker status: None
2025-08-21 10:28:50,724-DEBUG-root-17184::base::click|189:: Click Type: ClickType.JS
2025-08-21 10:28:51,136-DEBUG-root-17184::webapp_internal::get_web_value|3193:: Current value: 
2025-08-21 10:28:52,338-INFO-root-17184::webapp_internal::filling_branch|1011:: Filling Branch: "01011001"
2025-08-21 10:28:52,338-DEBUG-root-17184::webapp_internal::wait_blocker|2399:: Waiting blocker to continue...
2025-08-21 10:28:52,456-DEBUG-root-17184::webapp_internal::wait_blocker|2424:: Blocker status: None
2025-08-21 10:28:52,461-DEBUG-root-17184::base::click|189:: Click Type: ClickType.SELENIUM
2025-08-21 10:28:52,683-DEBUG-root-17184::webapp_internal::get_web_value|3193:: Current value: 01011001
2025-08-21 10:28:54,110-INFO-root-17184::webapp_internal::environment_screen|784:: Clicking on Button
2025-08-21 10:28:54,111-DEBUG-root-17184::webapp_internal::wait_blocker|2399:: Waiting blocker to continue...
2025-08-21 10:28:54,228-DEBUG-root-17184::webapp_internal::wait_blocker|2424:: Blocker status: None
2025-08-21 10:28:54,235-DEBUG-root-17184::base::click|189:: Click Type: ClickType.JS
2025-08-21 10:28:55,260-DEBUG-root-17184::base::click|189:: Click Type: ClickType.JS
2025-08-21 10:28:56,274-DEBUG-root-17184::base::click|189:: Click Type: ClickType.JS
2025-08-21 10:28:57,300-DEBUG-root-17184::base::click|189:: Click Type: ClickType.JS
2025-08-21 10:28:58,320-DEBUG-root-17184::base::click|189:: Click Type: ClickType.JS
2025-08-21 10:28:59,333-DEBUG-root-17184::base::click|189:: Click Type: ClickType.JS
2025-08-21 10:29:00,352-DEBUG-root-17184::webapp_internal::close_screen_before_menu|370:: Closing screen before the menu
2025-08-21 10:29:00,420-DEBUG-root-17184::webapp_internal::close_warning_screen|1449:: Closing warning screen!
2025-08-21 10:29:01,523-DEBUG-root-17184::webapp_internal::check_screen_element|1255:: Checking screen element: "Atenção": True
2025-08-21 10:29:01,719-DEBUG-root-17184::webapp_internal::wait_element_timeout|7755:: Element found! Waiting for element to be displayed.
2025-08-21 10:29:01,910-DEBUG-root-17184::webapp_internal::wait_blocker|2399:: Waiting blocker to continue...
2025-08-21 10:29:02,064-DEBUG-root-17184::webapp_internal::wait_blocker|2424:: Blocker status: False
2025-08-21 10:29:02,064-DEBUG-root-17184::webapp_internal::send_action|10482:: Trying to send action
2025-08-21 10:29:02,070-DEBUG-root-17184::base::click|189:: Click Type: ClickType.JS
2025-08-21 10:29:03,111-DEBUG-root-17184::webapp_internal::send_action|10523:: send_action method result = True
2025-08-21 10:29:03,112-DEBUG-root-17184::webapp_internal::send_action|10524:: send_action selenium status: False
2025-08-21 10:29:03,113-DEBUG-root-17184::webapp_internal::close_coin_screen|1385:: Closing coin screen!
2025-08-21 10:29:03,723-DEBUG-root-17184::base::click|189:: Click Type: ClickType.JS
2025-08-21 10:29:03,832-DEBUG-root-17184::webapp_internal::close_warning_screen|1449:: Closing warning screen!
2025-08-21 10:29:04,894-DEBUG-root-17184::webapp_internal::check_screen_element|1255:: Checking screen element: "Atenção": False
2025-08-21 10:29:04,894-DEBUG-root-17184::webapp_internal::close_coin_screen|1385:: Closing coin screen!
2025-08-21 10:29:05,082-DEBUG-root-17184::webapp_internal::close_warning_screen|1449:: Closing warning screen!
2025-08-21 10:29:06,211-DEBUG-root-17184::webapp_internal::check_screen_element|1255:: Checking screen element: "Atenção": False
2025-08-21 10:29:06,211-DEBUG-root-17184::webapp_internal::close_coin_screen|1385:: Closing coin screen!
2025-08-21 10:29:06,485-INFO-root-17184::webapp_internal::set_log_info|1582:: Getting log info
2025-08-21 10:29:06,488-INFO-root-17184::webapp_internal::SetLateralMenu|4144:: Navigating lateral menu: Ajuda > Sobre
2025-08-21 10:29:06,512-DEBUG-root-17184::webapp_internal::wait_element|7652:: Waiting for element
2025-08-21 10:29:06,570-DEBUG-root-17184::webapp_internal::wait_element|7682:: Element found! Waiting for element to be displayed.
2025-08-21 10:29:06,817-INFO-root-17184::webapp_internal::SetLateralMenu|4163:: Menu item: "Ajuda"
2025-08-21 10:29:06,818-DEBUG-root-17184::webapp_internal::wait_blocker|2399:: Waiting blocker to continue...
2025-08-21 10:29:06,863-DEBUG-root-17184::webapp_internal::wait_blocker|2424:: Blocker status: None
2025-08-21 10:29:07,891-DEBUG-root-17184::webapp_internal::wait_element_timeout|7755:: Element found! Waiting for element to be displayed.
2025-08-21 10:29:08,649-DEBUG-root-17184::webapp_internal::wait_blocker|2399:: Waiting blocker to continue...
2025-08-21 10:29:08,786-DEBUG-root-17184::webapp_internal::wait_blocker|2424:: Blocker status: False
2025-08-21 10:29:11,101-INFO-root-17184::webapp_internal::SetLateralMenu|4163:: Menu item: "Sobre"
2025-08-21 10:29:11,101-DEBUG-root-17184::webapp_internal::wait_blocker|2399:: Waiting blocker to continue...
2025-08-21 10:29:11,227-DEBUG-root-17184::webapp_internal::wait_blocker|2424:: Blocker status: False
2025-08-21 10:29:11,983-DEBUG-root-17184::webapp_internal::wait_element_timeout|7755:: Element found! Waiting for element to be displayed.
2025-08-21 10:29:12,648-DEBUG-root-17184::webapp_internal::wait_blocker|2399:: Waiting blocker to continue...
2025-08-21 10:29:12,762-DEBUG-root-17184::webapp_internal::wait_blocker|2424:: Blocker status: False
2025-08-21 10:29:15,692-DEBUG-root-17184::webapp_internal::wait_blocker|2399:: Waiting blocker to continue...
2025-08-21 10:29:15,819-DEBUG-root-17184::webapp_internal::wait_blocker|2424:: Blocker status: False
2025-08-21 10:29:15,916-DEBUG-root-17184::webapp_internal::wait_element|7652:: Waiting for element
2025-08-21 10:29:15,985-DEBUG-root-17184::webapp_internal::wait_element|7682:: Element found! Waiting for element to be displayed.
2025-08-21 10:29:16,209-INFO-root-17184::webapp_internal::SetButton|4404:: Clicking on Fechar
2025-08-21 10:29:16,209-DEBUG-root-17184::webapp_internal::wait_blocker|2399:: Waiting blocker to continue...
2025-08-21 10:29:16,314-DEBUG-root-17184::webapp_internal::wait_blocker|2424:: Blocker status: False
2025-08-21 10:29:16,544-DEBUG-root-17184::webapp_internal::wait_element_timeout|7755:: Element found! Waiting for element to be displayed.
2025-08-21 10:29:16,666-DEBUG-root-17184::webapp_internal::SetButton|4441:: ***System Info*** Before Clicking on button:Fechar
2025-08-21 10:29:16,666-DEBUG-root-17184::psutil_info::system_info|5:: CPU USAGE: 40.5%
2025-08-21 10:29:16,666-DEBUG-root-17184::psutil_info::system_info|6:: MEMORY USAGE: 89.0%
2025-08-21 10:29:16,666-DEBUG-root-17184::psutil_info::system_info|7:: MEMORY AVAILABLE: 11.04%
2025-08-21 10:29:16,925-DEBUG-root-17184::webapp_internal::wait_element_timeout|7755:: Element found! Waiting for element to be displayed.
2025-08-21 10:29:17,107-DEBUG-root-17184::webapp_internal::wait_blocker|2399:: Waiting blocker to continue...
2025-08-21 10:29:17,195-DEBUG-root-17184::webapp_internal::wait_blocker|2424:: Blocker status: False
2025-08-21 10:29:17,195-DEBUG-root-17184::webapp_internal::send_action|10482:: Trying to send action
2025-08-21 10:29:17,211-DEBUG-root-17184::base::click|189:: Click Type: ClickType.JS
2025-08-21 10:29:18,264-DEBUG-root-17184::webapp_internal::send_action|10523:: send_action method result = True
2025-08-21 10:29:18,264-DEBUG-root-17184::webapp_internal::send_action|10524:: send_action selenium status: False
2025-08-21 10:29:18,265-DEBUG-root-17184::webapp_internal::SetButton|4643:: ***System Info*** After Clicking on button:
2025-08-21 10:29:18,265-DEBUG-root-17184::psutil_info::system_info|5:: CPU USAGE: 41.6%
2025-08-21 10:29:18,265-DEBUG-root-17184::psutil_info::system_info|6:: MEMORY USAGE: 89.3%
2025-08-21 10:29:18,265-DEBUG-root-17184::psutil_info::system_info|7:: MEMORY AVAILABLE: 10.73%
2025-08-21 10:29:18,265-DEBUG-root-17184::webapp_internal::wait_element|7652:: Waiting for element
2025-08-21 10:29:18,406-INFO-root-17184::webapp_internal::set_program|1750:: Setting program: MATA010
2025-08-21 10:29:18,422-DEBUG-root-17184::webapp_internal::wait_element|7652:: Waiting for element
2025-08-21 10:29:18,468-DEBUG-root-17184::webapp_internal::wait_element|7682:: Element found! Waiting for element to be displayed.
2025-08-21 10:29:18,712-DEBUG-root-17184::base::double_click|256:: Click Type: ClickType.SELENIUM
2025-08-21 10:29:19,216-DEBUG-root-17184::webapp_internal::get_web_value|3193:: Current value: MATA010
2025-08-21 10:29:19,296-DEBUG-root-17184::webapp_internal::wait_blocker|2399:: Waiting blocker to continue...
2025-08-21 10:29:19,380-DEBUG-root-17184::webapp_internal::wait_blocker|2424:: Blocker status: False
2025-08-21 10:29:19,380-DEBUG-root-17184::webapp_internal::send_action|10482:: Trying to send action
2025-08-21 10:29:19,380-DEBUG-root-17184::base::click|189:: Click Type: ClickType.JS
2025-08-21 10:29:20,445-DEBUG-root-17184::webapp_internal::send_action|10523:: send_action method result = True
2025-08-21 10:29:20,445-DEBUG-root-17184::webapp_internal::send_action|10524:: send_action selenium status: False
2025-08-21 10:29:20,447-DEBUG-root-17184::webapp_internal::wait_element_is_not_displayed|7586:: Waiting for element to disappear
2025-08-21 10:29:20,447-DEBUG-root-17184::webapp_internal::close_news_screen|1509:: Closing news screen!
2025-08-21 10:29:20,478-INFO-root-17184::webapp_internal::SetButton|4404:: Clicking on Incluir
2025-08-21 10:29:20,478-DEBUG-root-17184::webapp_internal::wait_blocker|2399:: Waiting blocker to continue...
2025-08-21 10:29:20,499-DEBUG-root-17184::webapp_internal::wait_blocker|2424:: Blocker status: None
2025-08-21 10:29:24,945-DEBUG-root-17184::webapp_internal::wait_element_timeout|7755:: Element found! Waiting for element to be displayed.
2025-08-21 10:29:26,755-DEBUG-root-17184::webapp_internal::SetButton|4441:: ***System Info*** Before Clicking on button:Incluir
2025-08-21 10:29:26,756-DEBUG-root-17184::psutil_info::system_info|5:: CPU USAGE: 56.9%
2025-08-21 10:29:26,757-DEBUG-root-17184::psutil_info::system_info|6:: MEMORY USAGE: 89.6%
2025-08-21 10:29:26,758-DEBUG-root-17184::psutil_info::system_info|7:: MEMORY AVAILABLE: 10.43%
2025-08-21 10:29:29,468-DEBUG-root-17184::webapp_internal::wait_element_timeout|7755:: Element found! Waiting for element to be displayed.
2025-08-21 10:29:31,425-DEBUG-root-17184::webapp_internal::wait_blocker|2399:: Waiting blocker to continue...
2025-08-21 10:29:31,603-DEBUG-root-17184::webapp_internal::wait_blocker|2424:: Blocker status: False
2025-08-21 10:29:31,604-DEBUG-root-17184::webapp_internal::send_action|10482:: Trying to send action
2025-08-21 10:29:31,611-DEBUG-root-17184::base::click|189:: Click Type: ClickType.JS
2025-08-21 10:29:32,664-DEBUG-root-17184::webapp_internal::send_action|10523:: send_action method result = True
2025-08-21 10:29:32,665-DEBUG-root-17184::webapp_internal::send_action|10524:: send_action selenium status: False
2025-08-21 10:29:32,665-DEBUG-root-17184::webapp_internal::SetButton|4643:: ***System Info*** After Clicking on button:
2025-08-21 10:29:32,665-DEBUG-root-17184::psutil_info::system_info|5:: CPU USAGE: 82.0%
2025-08-21 10:29:32,665-DEBUG-root-17184::psutil_info::system_info|6:: MEMORY USAGE: 89.7%
2025-08-21 10:29:32,665-DEBUG-root-17184::psutil_info::system_info|7:: MEMORY AVAILABLE: 10.28%
2025-08-21 10:29:32,665-INFO-root-17184::webapp_internal::WaitShow|4940:: Waiting show text 'Atualizacao de Produtos - Incluir'...
2025-08-21 10:29:45,975-INFO-root-17184::webapp_internal::WaitShow|4956:: Text found! 
2025-08-21 10:29:45,975-DEBUG-root-17184::webapp_internal::SetFocus|5973:: Setting focus on element B1_DESC.
2025-08-21 10:29:47,039-DEBUG-root-17184::base::click|189:: Click Type: ClickType.SELENIUM
2025-08-21 10:28:13,937-DEBUG-root-17184::logging_config::logger|188:: Log file created: 'Log\AGLMSCGPE09EKBH\TIR__20250821102813930.log'
2025-08-21 10:28:13,937-INFO-root-17184::base::Start|1175:: TIR Version: 1.20.30
2025-08-21 10:28:13,937-INFO-root-17184::base::Start|1176:: Starting the browser
2025-08-21 10:28:25,507-INFO-root-17184::base::get_url|1274:: Page is ready!
2025-08-21 10:28:25,510-INFO-root-17184::base::Start|1242:: Browser maximized to 1936x1048
2025-08-21 10:28:25,511-INFO-root-17184::base::Start|1244:: Screen size is different from default used in headless mode
2025-08-21 10:28:25,543-INFO-root-17184::webapp_internal::Setup|240:: ***System Info*** in Setup():
2025-08-21 10:28:25,544-DEBUG-root-17184::psutil_info::system_info|5:: CPU USAGE: 51.8%
2025-08-21 10:28:25,545-DEBUG-root-17184::psutil_info::system_info|6:: MEMORY USAGE: 87.2%
2025-08-21 10:28:25,545-DEBUG-root-17184::psutil_info::system_info|7:: MEMORY AVAILABLE: 12.82%
2025-08-21 10:28:25,555-INFO-root-17184::base::webapp_shadowroot|1374:: Webapp: 10.1.2-RC12
2025-08-21 10:28:25,556-INFO-root-17184::webapp_internal::filling_initial_program|437:: Filling Initial Program: "SIGACOM"
2025-08-21 10:28:25,556-DEBUG-root-17184::webapp_internal::wait_element|7652:: Waiting for element
2025-08-21 10:28:25,594-DEBUG-root-17184::webapp_internal::wait_element|7682:: Element found! Waiting for element to be displayed.
2025-08-21 10:28:25,824-DEBUG-root-17184::base::click|189:: Click Type: ClickType.JS
2025-08-21 10:28:25,835-DEBUG-root-17184::webapp_internal::try_send_keys|8005:: Trying to send keys to element using technique 0
2025-08-21 10:28:26,257-DEBUG-root-17184::webapp_internal::get_web_value|3193:: Current value: SIGACOM
2025-08-21 10:28:26,258-INFO-root-17184::webapp_internal::filling_server_environment|451:: Filling Server Environment: "CG7XJ1_HMG"
2025-08-21 10:28:26,258-DEBUG-root-17184::webapp_internal::wait_element|7652:: Waiting for element
2025-08-21 10:28:26,323-DEBUG-root-17184::webapp_internal::wait_element|7682:: Element found! Waiting for element to be displayed.
2025-08-21 10:28:26,548-DEBUG-root-17184::base::click|189:: Click Type: ClickType.JS
2025-08-21 10:28:26,555-DEBUG-root-17184::webapp_internal::try_send_keys|8005:: Trying to send keys to element using technique 0
2025-08-21 10:28:26,906-DEBUG-root-17184::webapp_internal::get_web_value|3193:: Current value: CG7XJ1_HMG
2025-08-21 10:28:26,939-DEBUG-root-17184::base::click|189:: Click Type: ClickType.JS
2025-08-21 10:28:26,957-DEBUG-root-17184::webapp_internal::user_screen|507:: Filling user screen
2025-08-21 10:28:38,831-DEBUG-root-17184::webapp_internal::wait_element_timeout|7755:: Element found! Waiting for element to be displayed.
2025-08-21 10:28:38,918-DEBUG-root-17184::base::scroll_to_element|750:: ********Warining scroll_to_element exception: Message: TypeError: can't access property "scrollIntoView", arguments[0] is null
*********
2025-08-21 10:28:39,260-INFO-root-17184::webapp_internal::user_screen|549:: Filling User
2025-08-21 10:28:39,296-DEBUG-root-17184::base::double_click|256:: Click Type: ClickType.SELENIUM
2025-08-21 10:28:39,530-DEBUG-root-17184::webapp_internal::get_web_value|3193:: Current value: BRUNO.ROCHA
2025-08-21 10:28:39,604-INFO-root-17184::webapp_internal::user_screen|609:: Filling Password
2025-08-21 10:28:39,640-DEBUG-root-17184::base::click|189:: Click Type: ClickType.JS
2025-08-21 10:28:39,736-DEBUG-root-17184::webapp_internal::get_web_value|3193:: Current value: 123
2025-08-21 10:28:39,737-DEBUG-root-17184::webapp_internal::wait_blocker|2399:: Waiting blocker to continue...
2025-08-21 10:28:39,789-DEBUG-root-17184::webapp_internal::wait_blocker|2424:: Blocker status: None
2025-08-21 10:28:39,910-DEBUG-root-17184::webapp_internal::wait_blocker|2399:: Waiting blocker to continue...
2025-08-21 10:28:39,961-DEBUG-root-17184::webapp_internal::wait_blocker|2424:: Blocker status: None
2025-08-21 10:28:39,962-DEBUG-root-17184::webapp_internal::send_action|10482:: Trying to send action
2025-08-21 10:28:39,975-DEBUG-root-17184::base::click|189:: Click Type: ClickType.JS
2025-08-21 10:28:41,072-DEBUG-root-17184::webapp_internal::send_action|10523:: send_action method result = True
2025-08-21 10:28:41,075-DEBUG-root-17184::webapp_internal::send_action|10524:: send_action selenium status: False
2025-08-21 10:28:47,501-DEBUG-root-17184::base::scroll_to_element|750:: ********Warining scroll_to_element exception: Message: TypeError: can't access property "scrollIntoView", arguments[0] is null
*********
2025-08-21 10:28:47,599-INFO-root-17184::webapp_internal::filling_date|867:: Filling Date: "21/08/2025"
2025-08-21 10:28:47,599-DEBUG-root-17184::webapp_internal::wait_blocker|2399:: Waiting blocker to continue...
2025-08-21 10:28:47,701-DEBUG-root-17184::webapp_internal::wait_blocker|2424:: Blocker status: None
2025-08-21 10:28:47,705-DEBUG-root-17184::base::click|189:: Click Type: ClickType.JS
2025-08-21 10:28:47,765-DEBUG-root-17184::webapp_internal::try_send_keys|8005:: Trying to send keys to element using technique 1
2025-08-21 10:28:47,867-DEBUG-root-17184::webapp_internal::get_web_value|3193:: Current value: 21/08/2025
2025-08-21 10:28:49,131-INFO-root-17184::webapp_internal::filling_group|920:: Filling Group: "01"
2025-08-21 10:28:49,131-DEBUG-root-17184::webapp_internal::wait_blocker|2399:: Waiting blocker to continue...
2025-08-21 10:28:49,274-DEBUG-root-17184::webapp_internal::wait_blocker|2424:: Blocker status: None
2025-08-21 10:28:49,281-DEBUG-root-17184::base::click|189:: Click Type: ClickType.JS
2025-08-21 10:28:49,457-DEBUG-root-17184::webapp_internal::get_web_value|3193:: Current value: 01
2025-08-21 10:28:50,614-INFO-root-17184::webapp_internal::filling_branch|1011:: Filling Branch: "01011001"
2025-08-21 10:28:50,615-DEBUG-root-17184::webapp_internal::wait_blocker|2399:: Waiting blocker to continue...
2025-08-21 10:28:50,719-DEBUG-root-17184::webapp_internal::wait_blocker|2424:: Blocker status: None
2025-08-21 10:28:50,724-DEBUG-root-17184::base::click|189:: Click Type: ClickType.JS
2025-08-21 10:28:51,136-DEBUG-root-17184::webapp_internal::get_web_value|3193:: Current value: 
2025-08-21 10:28:52,338-INFO-root-17184::webapp_internal::filling_branch|1011:: Filling Branch: "01011001"
2025-08-21 10:28:52,338-DEBUG-root-17184::webapp_internal::wait_blocker|2399:: Waiting blocker to continue...
2025-08-21 10:28:52,456-DEBUG-root-17184::webapp_internal::wait_blocker|2424:: Blocker status: None
2025-08-21 10:28:52,461-DEBUG-root-17184::base::click|189:: Click Type: ClickType.SELENIUM
2025-08-21 10:28:52,683-DEBUG-root-17184::webapp_internal::get_web_value|3193:: Current value: 01011001
2025-08-21 10:28:54,110-INFO-root-17184::webapp_internal::environment_screen|784:: Clicking on Button
2025-08-21 10:28:54,111-DEBUG-root-17184::webapp_internal::wait_blocker|2399:: Waiting blocker to continue...
2025-08-21 10:28:54,228-DEBUG-root-17184::webapp_internal::wait_blocker|2424:: Blocker status: None
2025-08-21 10:28:54,235-DEBUG-root-17184::base::click|189:: Click Type: ClickType.JS
2025-08-21 10:28:55,260-DEBUG-root-17184::base::click|189:: Click Type: ClickType.JS
2025-08-21 10:28:56,274-DEBUG-root-17184::base::click|189:: Click Type: ClickType.JS
2025-08-21 10:28:57,300-DEBUG-root-17184::base::click|189:: Click Type: ClickType.JS
2025-08-21 10:28:58,320-DEBUG-root-17184::base::click|189:: Click Type: ClickType.JS
2025-08-21 10:28:59,333-DEBUG-root-17184::base::click|189:: Click Type: ClickType.JS
2025-08-21 10:29:00,352-DEBUG-root-17184::webapp_internal::close_screen_before_menu|370:: Closing screen before the menu
2025-08-21 10:29:00,420-DEBUG-root-17184::webapp_internal::close_warning_screen|1449:: Closing warning screen!
2025-08-21 10:29:01,523-DEBUG-root-17184::webapp_internal::check_screen_element|1255:: Checking screen element: "Atenção": True
2025-08-21 10:29:01,719-DEBUG-root-17184::webapp_internal::wait_element_timeout|7755:: Element found! Waiting for element to be displayed.
2025-08-21 10:29:01,910-DEBUG-root-17184::webapp_internal::wait_blocker|2399:: Waiting blocker to continue...
2025-08-21 10:29:02,064-DEBUG-root-17184::webapp_internal::wait_blocker|2424:: Blocker status: False
2025-08-21 10:29:02,064-DEBUG-root-17184::webapp_internal::send_action|10482:: Trying to send action
2025-08-21 10:29:02,070-DEBUG-root-17184::base::click|189:: Click Type: ClickType.JS
2025-08-21 10:29:03,111-DEBUG-root-17184::webapp_internal::send_action|10523:: send_action method result = True
2025-08-21 10:29:03,112-DEBUG-root-17184::webapp_internal::send_action|10524:: send_action selenium status: False
2025-08-21 10:29:03,113-DEBUG-root-17184::webapp_internal::close_coin_screen|1385:: Closing coin screen!
2025-08-21 10:29:03,723-DEBUG-root-17184::base::click|189:: Click Type: ClickType.JS
2025-08-21 10:29:03,832-DEBUG-root-17184::webapp_internal::close_warning_screen|1449:: Closing warning screen!
2025-08-21 10:29:04,894-DEBUG-root-17184::webapp_internal::check_screen_element|1255:: Checking screen element: "Atenção": False
2025-08-21 10:29:04,894-DEBUG-root-17184::webapp_internal::close_coin_screen|1385:: Closing coin screen!
2025-08-21 10:29:05,082-DEBUG-root-17184::webapp_internal::close_warning_screen|1449:: Closing warning screen!
2025-08-21 10:29:06,211-DEBUG-root-17184::webapp_internal::check_screen_element|1255:: Checking screen element: "Atenção": False
2025-08-21 10:29:06,211-DEBUG-root-17184::webapp_internal::close_coin_screen|1385:: Closing coin screen!
2025-08-21 10:29:06,485-INFO-root-17184::webapp_internal::set_log_info|1582:: Getting log info
2025-08-21 10:29:06,488-INFO-root-17184::webapp_internal::SetLateralMenu|4144:: Navigating lateral menu: Ajuda > Sobre
2025-08-21 10:29:06,512-DEBUG-root-17184::webapp_internal::wait_element|7652:: Waiting for element
2025-08-21 10:29:06,570-DEBUG-root-17184::webapp_internal::wait_element|7682:: Element found! Waiting for element to be displayed.
2025-08-21 10:29:06,817-INFO-root-17184::webapp_internal::SetLateralMenu|4163:: Menu item: "Ajuda"
2025-08-21 10:29:06,818-DEBUG-root-17184::webapp_internal::wait_blocker|2399:: Waiting blocker to continue...
2025-08-21 10:29:06,863-DEBUG-root-17184::webapp_internal::wait_blocker|2424:: Blocker status: None
2025-08-21 10:29:07,891-DEBUG-root-17184::webapp_internal::wait_element_timeout|7755:: Element found! Waiting for element to be displayed.
2025-08-21 10:29:08,649-DEBUG-root-17184::webapp_internal::wait_blocker|2399:: Waiting blocker to continue...
2025-08-21 10:29:08,786-DEBUG-root-17184::webapp_internal::wait_blocker|2424:: Blocker status: False
2025-08-21 10:29:11,101-INFO-root-17184::webapp_internal::SetLateralMenu|4163:: Menu item: "Sobre"
2025-08-21 10:29:11,101-DEBUG-root-17184::webapp_internal::wait_blocker|2399:: Waiting blocker to continue...
2025-08-21 10:29:11,227-DEBUG-root-17184::webapp_internal::wait_blocker|2424:: Blocker status: False
2025-08-21 10:29:11,983-DEBUG-root-17184::webapp_internal::wait_element_timeout|7755:: Element found! Waiting for element to be displayed.
2025-08-21 10:29:12,648-DEBUG-root-17184::webapp_internal::wait_blocker|2399:: Waiting blocker to continue...
2025-08-21 10:29:12,762-DEBUG-root-17184::webapp_internal::wait_blocker|2424:: Blocker status: False
2025-08-21 10:29:15,692-DEBUG-root-17184::webapp_internal::wait_blocker|2399:: Waiting blocker to continue...
2025-08-21 10:29:15,819-DEBUG-root-17184::webapp_internal::wait_blocker|2424:: Blocker status: False
2025-08-21 10:29:15,916-DEBUG-root-17184::webapp_internal::wait_element|7652:: Waiting for element
2025-08-21 10:29:15,985-DEBUG-root-17184::webapp_internal::wait_element|7682:: Element found! Waiting for element to be displayed.
2025-08-21 10:29:16,209-INFO-root-17184::webapp_internal::SetButton|4404:: Clicking on Fechar
2025-08-21 10:29:16,209-DEBUG-root-17184::webapp_internal::wait_blocker|2399:: Waiting blocker to continue...
2025-08-21 10:29:16,314-DEBUG-root-17184::webapp_internal::wait_blocker|2424:: Blocker status: False
2025-08-21 10:29:16,544-DEBUG-root-17184::webapp_internal::wait_element_timeout|7755:: Element found! Waiting for element to be displayed.
2025-08-21 10:29:16,666-DEBUG-root-17184::webapp_internal::SetButton|4441:: ***System Info*** Before Clicking on button:Fechar
2025-08-21 10:29:16,666-DEBUG-root-17184::psutil_info::system_info|5:: CPU USAGE: 40.5%
2025-08-21 10:29:16,666-DEBUG-root-17184::psutil_info::system_info|6:: MEMORY USAGE: 89.0%
2025-08-21 10:29:16,666-DEBUG-root-17184::psutil_info::system_info|7:: MEMORY AVAILABLE: 11.04%
2025-08-21 10:29:16,925-DEBUG-root-17184::webapp_internal::wait_element_timeout|7755:: Element found! Waiting for element to be displayed.
2025-08-21 10:29:17,107-DEBUG-root-17184::webapp_internal::wait_blocker|2399:: Waiting blocker to continue...
2025-08-21 10:29:17,195-DEBUG-root-17184::webapp_internal::wait_blocker|2424:: Blocker status: False
2025-08-21 10:29:17,195-DEBUG-root-17184::webapp_internal::send_action|10482:: Trying to send action
2025-08-21 10:29:17,211-DEBUG-root-17184::base::click|189:: Click Type: ClickType.JS
2025-08-21 10:29:18,264-DEBUG-root-17184::webapp_internal::send_action|10523:: send_action method result = True
2025-08-21 10:29:18,264-DEBUG-root-17184::webapp_internal::send_action|10524:: send_action selenium status: False
2025-08-21 10:29:18,265-DEBUG-root-17184::webapp_internal::SetButton|4643:: ***System Info*** After Clicking on button:
2025-08-21 10:29:18,265-DEBUG-root-17184::psutil_info::system_info|5:: CPU USAGE: 41.6%
2025-08-21 10:29:18,265-DEBUG-root-17184::psutil_info::system_info|6:: MEMORY USAGE: 89.3%
2025-08-21 10:29:18,265-DEBUG-root-17184::psutil_info::system_info|7:: MEMORY AVAILABLE: 10.73%
2025-08-21 10:29:18,265-DEBUG-root-17184::webapp_internal::wait_element|7652:: Waiting for element
2025-08-21 10:29:18,406-INFO-root-17184::webapp_internal::set_program|1750:: Setting program: MATA010
2025-08-21 10:29:18,422-DEBUG-root-17184::webapp_internal::wait_element|7652:: Waiting for element
2025-08-21 10:29:18,468-DEBUG-root-17184::webapp_internal::wait_element|7682:: Element found! Waiting for element to be displayed.
2025-08-21 10:29:18,712-DEBUG-root-17184::base::double_click|256:: Click Type: ClickType.SELENIUM
2025-08-21 10:29:19,216-DEBUG-root-17184::webapp_internal::get_web_value|3193:: Current value: MATA010
2025-08-21 10:29:19,296-DEBUG-root-17184::webapp_internal::wait_blocker|2399:: Waiting blocker to continue...
2025-08-21 10:29:19,380-DEBUG-root-17184::webapp_internal::wait_blocker|2424:: Blocker status: False
2025-08-21 10:29:19,380-DEBUG-root-17184::webapp_internal::send_action|10482:: Trying to send action
2025-08-21 10:29:19,380-DEBUG-root-17184::base::click|189:: Click Type: ClickType.JS
2025-08-21 10:29:20,445-DEBUG-root-17184::webapp_internal::send_action|10523:: send_action method result = True
2025-08-21 10:29:20,445-DEBUG-root-17184::webapp_internal::send_action|10524:: send_action selenium status: False
2025-08-21 10:29:20,447-DEBUG-root-17184::webapp_internal::wait_element_is_not_displayed|7586:: Waiting for element to disappear
2025-08-21 10:29:20,447-DEBUG-root-17184::webapp_internal::close_news_screen|1509:: Closing news screen!
2025-08-21 10:29:20,478-INFO-root-17184::webapp_internal::SetButton|4404:: Clicking on Incluir
2025-08-21 10:29:20,478-DEBUG-root-17184::webapp_internal::wait_blocker|2399:: Waiting blocker to continue...
2025-08-21 10:29:20,499-DEBUG-root-17184::webapp_internal::wait_blocker|2424:: Blocker status: None
2025-08-21 10:29:24,945-DEBUG-root-17184::webapp_internal::wait_element_timeout|7755:: Element found! Waiting for element to be displayed.
2025-08-21 10:29:26,755-DEBUG-root-17184::webapp_internal::SetButton|4441:: ***System Info*** Before Clicking on button:Incluir
2025-08-21 10:29:26,756-DEBUG-root-17184::psutil_info::system_info|5:: CPU USAGE: 56.9%
2025-08-21 10:29:26,757-DEBUG-root-17184::psutil_info::system_info|6:: MEMORY USAGE: 89.6%
2025-08-21 10:29:26,758-DEBUG-root-17184::psutil_info::system_info|7:: MEMORY AVAILABLE: 10.43%
2025-08-21 10:29:29,468-DEBUG-root-17184::webapp_internal::wait_element_timeout|7755:: Element found! Waiting for element to be displayed.
2025-08-21 10:29:31,425-DEBUG-root-17184::webapp_internal::wait_blocker|2399:: Waiting blocker to continue...
2025-08-21 10:29:31,603-DEBUG-root-17184::webapp_internal::wait_blocker|2424:: Blocker status: False
2025-08-21 10:29:31,604-DEBUG-root-17184::webapp_internal::send_action|10482:: Trying to send action
2025-08-21 10:29:31,611-DEBUG-root-17184::base::click|189:: Click Type: ClickType.JS
2025-08-21 10:29:32,664-DEBUG-root-17184::webapp_internal::send_action|10523:: send_action method result = True
2025-08-21 10:29:32,665-DEBUG-root-17184::webapp_internal::send_action|10524:: send_action selenium status: False
2025-08-21 10:29:32,665-DEBUG-root-17184::webapp_internal::SetButton|4643:: ***System Info*** After Clicking on button:
2025-08-21 10:29:32,665-DEBUG-root-17184::psutil_info::system_info|5:: CPU USAGE: 82.0%
2025-08-21 10:29:32,665-DEBUG-root-17184::psutil_info::system_info|6:: MEMORY USAGE: 89.7%
2025-08-21 10:29:32,665-DEBUG-root-17184::psutil_info::system_info|7:: MEMORY AVAILABLE: 10.28%
2025-08-21 10:29:32,665-INFO-root-17184::webapp_internal::WaitShow|4940:: Waiting show text 'Atualizacao de Produtos - Incluir'...
2025-08-21 10:29:45,975-INFO-root-17184::webapp_internal::WaitShow|4956:: Text found! 
2025-08-21 10:29:45,975-DEBUG-root-17184::webapp_internal::SetFocus|5973:: Setting focus on element B1_DESC.
2025-08-21 10:29:47,039-DEBUG-root-17184::base::click|189:: Click Type: ClickType.SELENIUM
